<?xml version="1.0" encoding="UTF-8"?>
<!-- Generated by org.testng.reporters.JUnitXMLReporter -->
<testsuite hostname="AKorshetti" ignored="0" name="Test" tests="3" failures="0" timestamp="2021-10-27T17:21:16 IST" time="74.993" errors="0">
  <testcase name="login" time="7.845" classname="com.ebanking.TestCases.Tc_logintest_001"/>
  <testcase name="regitor" time="11.546" classname="com.ebanking.TestCases.Tc_registor_002"/>
  <testcase name="signup" time="11.015" classname="com.ebanking.TestCases.Testcase_003"/>
</testsuite> <!-- Test -->
