<?xml version="1.0" encoding="UTF-8"?>
<testng-results skipped="0" failed="0" ignored="0" total="1" passed="1">
  <reporter-output>
  </reporter-output>
  <suite name="Suite" duration-ms="23755" started-at="2021-10-25T06:02:38 IST" finished-at="2021-10-25T06:03:02 IST">
    <groups>
    </groups>
    <test name="Test" duration-ms="23755" started-at="2021-10-25T06:02:38 IST" finished-at="2021-10-25T06:03:02 IST">
      <class name="com.ebanking.TestCases.Tc_logintest_001">
        <test-method status="PASS" signature="setup(java.lang.String)[pri:0, instance:com.ebanking.TestCases.Tc_logintest_001@12d3a4e9]" name="setup" is-config="true" duration-ms="11888" started-at="2021-10-25T06:02:38 IST" finished-at="2021-10-25T06:02:50 IST">
          <params>
            <param index="0">
              <value>
                <![CDATA[chrome]]>
              </value>
            </param>
          </params>
          <reporter-output>
          </reporter-output>
        </test-method> <!-- setup -->
        <test-method status="PASS" signature="login()[pri:0, instance:com.ebanking.TestCases.Tc_logintest_001@12d3a4e9]" name="login" duration-ms="8604" started-at="2021-10-25T06:02:50 IST" finished-at="2021-10-25T06:02:58 IST">
          <reporter-output>
          </reporter-output>
        </test-method> <!-- login -->
        <test-method status="PASS" signature="teardown()[pri:0, instance:com.ebanking.TestCases.Tc_logintest_001@12d3a4e9]" name="teardown" is-config="true" duration-ms="3002" started-at="2021-10-25T06:02:58 IST" finished-at="2021-10-25T06:03:01 IST">
          <reporter-output>
          </reporter-output>
        </test-method> <!-- teardown -->
      </class> <!-- com.ebanking.TestCases.Tc_logintest_001 -->
    </test> <!-- Test -->
  </suite> <!-- Suite -->
</testng-results>
